<?xml version="1.0" encoding="UTF-8"?>
<testsuite name="io.arkitekt.testsRegistration.SiteCreate" tests="1" skipped="0" failures="0" errors="0" timestamp="2018-10-20T13:49:55" hostname="AndriuPC" time="100.575">
  <properties/>
  <testcase name="testCreateSite" classname="io.arkitekt.testsRegistration.SiteCreate" time="100.575"/>
  <system-out><![CDATA[]]></system-out>
  <system-err><![CDATA[Starting ChromeDriver 2.36.540470 (e522d04694c7ebea4ba8821272dbef4f9b818c91) on port 43994
Only local connections are allowed.
Oct 20, 2018 4:49:03 PM org.openqa.selenium.remote.ProtocolHandshake createSession
INFO: Detected dialect: OSS
]]></system-err>
</testsuite>
